<?xml version="1.0" encoding="UTF-8"?>
<!-- Generated by org.testng.reporters.JUnitReportReporter -->
<testsuite skipped="0" hostname="LAPTOP-6Q5KS8MJ" name="com.autobrain.testcases.DemoTest" tests="1" failures="0" timestamp="2021-05-27T21:07:18 IST" time="95.010" errors="0">
  <testcase name="validateFreeBluetoothSignup" time="95.010" classname="com.autobrain.testcases.DemoTest"/>
</testsuite> <!-- com.autobrain.testcases.DemoTest -->
