<?xml version="1.0" encoding="UTF-8"?>
<!-- Generated by org.testng.reporters.JUnitReportReporter -->
<testsuite skipped="0" hostname="LAPTOP-6Q5KS8MJ" name="Demo.ClassB" tests="3" failures="0" timestamp="2021-05-25T16:06:25 IST" time="5.093" errors="0">
  <testcase name="hi" time="2.036" classname="Demo.ClassB"/>
  <testcase name="checking" time="2.036" classname="Demo.ClassB"/>
  <testcase name="hii" time="1.021" classname="Demo.ClassB"/>
</testsuite> <!-- Demo.ClassB -->
